2023-03-15 07:13:51 +0000  Initial pipeline context: <IDEDistributionProcessingPipelineContext: 0x2fdb9e8e0; archive(resolved)="<IDEArchive: 0x6000213214a0>", distributionTask(resolved)="2", distributionDestination(resolved)="1", distributionMethod(resolved)="<IDEDistributionMethodiOSAdHoc: 0x60000b4a5d40>", team(resolved)="<IDEProvisioningDisambiguatableBasicTeam: 0x600002932940; teamID='T7N25URN4F', teamName='Shenzhen Kuaiyu Technology Co., Ltd.', teamType='Company', username='kykyai@126.com', isFreeProvisioningTeam='0'>">
	Chain (14, self inclusive):
	<IDEDistributionProcessingPipelineContext: 0x2fdb9e8e0; archive = "<IDEArchive: 0x6000213214a0>", distributionMethod="<IDEDistributionMethodiOSAdHoc: 0x60000b4a5d40>", team="<IDEProvisioningDisambiguatableBasicTeam: 0x600002932940; teamID='T7N25URN4F', teamName='Shenzhen Kuaiyu Technology Co., Ltd.', teamType='Company', username='kykyai@126.com', isFreeProvisioningTeam='0'>">
	<IDEDistributionProcessingPipelineContext: 0x2feed5cd0; archive = "<IDEArchive: 0x6000213214a0>", distributionMethod="<IDEDistributionMethodiOSAdHoc: 0x60000b4a5d40>", team="<IDEProvisioningDisambiguatableBasicTeam: 0x600002932940; teamID='T7N25URN4F', teamName='Shenzhen Kuaiyu Technology Co., Ltd.', teamType='Company', username='kykyai@126.com', isFreeProvisioningTeam='0'>">
	<IDEDistributionContext: 0x400cc2930; archive = "<IDEArchive: 0x6000213214a0>", distributionMethod="<IDEDistributionMethodiOSAdHoc: 0x60000b4a5d40>", team="<IDEProvisioningDisambiguatableBasicTeam: 0x600002932940; teamID='T7N25URN4F', teamName='Shenzhen Kuaiyu Technology Co., Ltd.', teamType='Company', username='kykyai@126.com', isFreeProvisioningTeam='0'>">
	<IDEDistributionContext: 0x10bdb2550; archive = "<IDEArchive: 0x6000213214a0>", distributionMethod="<IDEDistributionMethodiOSAdHoc: 0x60000b4a5d40>", team="<IDEProvisioningDisambiguatableBasicTeam: 0x600002932940; teamID='T7N25URN4F', teamName='Shenzhen Kuaiyu Technology Co., Ltd.', teamType='Company', username='kykyai@126.com', isFreeProvisioningTeam='0'>">
	<IDEDistributionContext: 0x10bdd1db0; archive = "<IDEArchive: 0x6000213214a0>", distributionMethod="<IDEDistributionMethodiOSAdHoc: 0x60000b4a5d40>", team="<IDEProvisioningDisambiguatableBasicTeam: 0x600002932940; teamID='T7N25URN4F', teamName='Shenzhen Kuaiyu Technology Co., Ltd.', teamType='Company', username='kykyai@126.com', isFreeProvisioningTeam='0'>">
	<IDEDistributionContext: 0x10bd3f890; archive = "<IDEArchive: 0x6000213214a0>", distributionMethod="<IDEDistributionMethodiOSAdHoc: 0x60000b4a5d40>", team="<IDEProvisioningDisambiguatableBasicTeam: 0x600002932940; teamID='T7N25URN4F', teamName='Shenzhen Kuaiyu Technology Co., Ltd.', teamType='Company', username='kykyai@126.com', isFreeProvisioningTeam='0'>">
	<IDEDistributionContext: 0x10bca9740; archive = "<IDEArchive: 0x6000213214a0>", distributionMethod="<IDEDistributionMethodiOSAdHoc: 0x60000b4a5d40>", team="<IDEProvisioningDisambiguatableBasicTeam: 0x600002932940; teamID='T7N25URN4F', teamName='Shenzhen Kuaiyu Technology Co., Ltd.', teamType='Company', username='kykyai@126.com', isFreeProvisioningTeam='0'>">
	<IDEDistributionContext: 0x10bc49ab0; archive = "<IDEArchive: 0x6000213214a0>", distributionMethod="<IDEDistributionMethodiOSAdHoc: 0x60000b4a5d40>", team="<IDEProvisioningDisambiguatableBasicTeam: 0x600002932940; teamID='T7N25URN4F', teamName='Shenzhen Kuaiyu Technology Co., Ltd.', teamType='Company', username='kykyai@126.com', isFreeProvisioningTeam='0'>">
	<IDEDistributionContext: 0x2b9206ad0; archive = "<IDEArchive: 0x6000213214a0>", distributionMethod="<IDEDistributionMethodiOSAdHoc: 0x60000b4a5d40>", team="<IDEProvisioningDisambiguatableBasicTeam: 0x600002932940; teamID='T7N25URN4F', teamName='Shenzhen Kuaiyu Technology Co., Ltd.', teamType='Company', username='kykyai@126.com', isFreeProvisioningTeam='0'>">
	<IDEDistributionContext: 0x2c508ace0; archive = "<IDEArchive: 0x6000213214a0>", distributionMethod="<IDEDistributionMethodiOSAdHoc: 0x60000b4a5d40>", team="(null)">
	<IDEDistributionContext: 0x11d352200; archive = "<IDEArchive: 0x6000213214a0>", distributionMethod="<IDEDistributionMethodiOSAdHoc: 0x60000b4a5d40>", team="(null)">
	<IDEDistributionContext: 0x11d31b720; archive = "<IDEArchive: 0x6000213214a0>", distributionMethod="<IDEDistributionMethodiOSAdHoc: 0x60000b4a5d40>", team="(null)">
	<IDEDistributionContext: 0x2c50af1e0; archive = "<IDEArchive: 0x6000213214a0>", distributionMethod="<IDEDistributionMethodiOSAdHoc: 0x60000b4a5d40>", team="(null)">
	<IDEDistributionContext: 0x2c4edc4a0; archive = "<IDEArchive: 0x6000213214a0>", distributionMethod="(null)", team="(null)">
</IDEDistributionProcessingPipelineContext: 0x2fdb9e8e0>
2023-03-15 07:13:51 +0000  Processing step: IDEDistributionCreateDestRootStep
2023-03-15 07:13:51 +0000  Processing step: IDEDistributionCopyItemStep
2023-03-15 07:13:51 +0000  Running /usr/bin/ditto '-V' '/Users/yukuai/Library/Developer/Xcode/Archives/2023-03-15/LawyerApp 2023-3-15, 15.13.xcarchive/Products/Applications/LawyerApp.app' '/var/folders/j9/pptsf0n90537kmw00xbnd2mr0000gn/T/XcodeDistPipeline.~~~KrlApn/Root/Payload/LawyerApp.app'
2023-03-15 07:13:51 +0000  >>> Copying /Users/yukuai/Library/Developer/Xcode/Archives/2023-03-15/LawyerApp 2023-3-15, 15.13.xcarchive/Products/Applications/LawyerApp.app 
2023-03-15 07:13:51 +0000  copying file ./_CodeSignature/CodeResources ... 
2023-03-15 07:13:51 +0000  46409 bytes for ./_CodeSignature/CodeResources
2023-03-15 07:13:51 +0000  copying file ./icomoon.ttf ... 
2023-03-15 07:13:51 +0000  5048 bytes for ./icomoon.ttf
2023-03-15 07:13:51 +0000  copying file ./Fontisto.ttf ... 
2023-03-15 07:13:51 +0000  313528 bytes for ./Fontisto.ttf
2023-03-15 07:13:51 +0000  copying file ./Octicons.ttf ... 
2023-03-15 07:13:51 +0000  49404 bytes for ./Octicons.ttf
2023-03-15 07:13:51 +0000  copying file ./Feather.ttf ... 
2023-03-15 07:13:51 +0000  56228 bytes for ./Feather.ttf
2023-03-15 07:13:51 +0000  copying file ./Entypo.ttf ... 
2023-03-15 07:13:51 +0000  66200 bytes for ./Entypo.ttf
2023-03-15 07:13:51 +0000  copying file ./QBImagePicker.bundle/de.lproj/QBImagePicker.strings ... 
2023-03-15 07:13:51 +0000  1131 bytes for ./QBImagePicker.bundle/de.lproj/QBImagePicker.strings
2023-03-15 07:13:51 +0000  copying file ./QBImagePicker.bundle/_CodeSignature/CodeResources ... 
2023-03-15 07:13:51 +0000  14598 bytes for ./QBImagePicker.bundle/_CodeSignature/CodeResources
2023-03-15 07:13:51 +0000  copying file ./QBImagePicker.bundle/_CodeSignature/CodeDirectory ... 
2023-03-15 07:13:51 +0000  171 bytes for ./QBImagePicker.bundle/_CodeSignature/CodeDirectory
2023-03-15 07:13:51 +0000  copying file ./QBImagePicker.bundle/_CodeSignature/CodeRequirements-1 ... 
2023-03-15 07:13:51 +0000  219 bytes for ./QBImagePicker.bundle/_CodeSignature/CodeRequirements-1
2023-03-15 07:13:51 +0000  copying file ./QBImagePicker.bundle/_CodeSignature/CodeSignature ... 
2023-03-15 07:13:51 +0000  4885 bytes for ./QBImagePicker.bundle/_CodeSignature/CodeSignature
2023-03-15 07:13:51 +0000  copying file ./QBImagePicker.bundle/_CodeSignature/CodeRequirements ... 
2023-03-15 07:13:51 +0000  188 bytes for ./QBImagePicker.bundle/_CodeSignature/CodeRequirements
2023-03-15 07:13:51 +0000  copying file ./QBImagePicker.bundle/zh-Hans.lproj/QBImagePicker.strings ... 
2023-03-15 07:13:51 +0000  1119 bytes for ./QBImagePicker.bundle/zh-Hans.lproj/QBImagePicker.strings
2023-03-15 07:13:51 +0000  copying file ./QBImagePicker.bundle/ja.lproj/QBImagePicker.strings ... 
2023-03-15 07:13:51 +0000  1214 bytes for ./QBImagePicker.bundle/ja.lproj/QBImagePicker.strings
2023-03-15 07:13:51 +0000  copying file ./QBImagePicker.bundle/en.lproj/QBImagePicker.strings ... 
2023-03-15 07:13:51 +0000  1064 bytes for ./QBImagePicker.bundle/en.lproj/QBImagePicker.strings
2023-03-15 07:13:51 +0000  copying file ./QBImagePicker.bundle/uk.lproj/QBImagePicker.strings ... 
2023-03-15 07:13:51 +0000  1398 bytes for ./QBImagePicker.bundle/uk.lproj/QBImagePicker.strings
2023-03-15 07:13:51 +0000  copying file ./QBImagePicker.bundle/QBImagePicker.storyboardc/QiH-NZ-ZGN-view-sD2-zK-ryo.nib/runtime.nib ... 
2023-03-15 07:13:51 +0000  10216 bytes for ./QBImagePicker.bundle/QBImagePicker.storyboardc/QiH-NZ-ZGN-view-sD2-zK-ryo.nib/runtime.nib
2023-03-15 07:13:51 +0000  copying file ./QBImagePicker.bundle/QBImagePicker.storyboardc/QiH-NZ-ZGN-view-sD2-zK-ryo.nib/objects-12.3+.nib ... 
2023-03-15 07:13:51 +0000  10443 bytes for ./QBImagePicker.bundle/QBImagePicker.storyboardc/QiH-NZ-ZGN-view-sD2-zK-ryo.nib/objects-12.3+.nib
2023-03-15 07:13:51 +0000  copying file ./QBImagePicker.bundle/QBImagePicker.storyboardc/QBAlbumsViewController.nib/runtime.nib ... 
2023-03-15 07:13:51 +0000  1800 bytes for ./QBImagePicker.bundle/QBImagePicker.storyboardc/QBAlbumsViewController.nib/runtime.nib
2023-03-15 07:13:51 +0000  copying file ./QBImagePicker.bundle/QBImagePicker.storyboardc/QBAlbumsViewController.nib/objects-12.3+.nib ... 
2023-03-15 07:13:51 +0000  1800 bytes for ./QBImagePicker.bundle/QBImagePicker.storyboardc/QBAlbumsViewController.nib/objects-12.3+.nib
2023-03-15 07:13:51 +0000  copying file ./QBImagePicker.bundle/QBImagePicker.storyboardc/QBAssetsViewController.nib/runtime.nib ... 
2023-03-15 07:13:51 +0000  1393 bytes for ./QBImagePicker.bundle/QBImagePicker.storyboardc/QBAssetsViewController.nib/runtime.nib
2023-03-15 07:13:51 +0000  copying file ./QBImagePicker.bundle/QBImagePicker.storyboardc/QBAssetsViewController.nib/objects-12.3+.nib ... 
2023-03-15 07:13:51 +0000  1393 bytes for ./QBImagePicker.bundle/QBImagePicker.storyboardc/QBAssetsViewController.nib/objects-12.3+.nib
2023-03-15 07:13:51 +0000  copying file ./QBImagePicker.bundle/QBImagePicker.storyboardc/QL5-wR-LYt-view-66K-TS-Yoc.nib/runtime.nib ... 
2023-03-15 07:13:51 +0000  7161 bytes for ./QBImagePicker.bundle/QBImagePicker.storyboardc/QL5-wR-LYt-view-66K-TS-Yoc.nib/runtime.nib
2023-03-15 07:13:51 +0000  copying file ./QBImagePicker.bundle/QBImagePicker.storyboardc/QL5-wR-LYt-view-66K-TS-Yoc.nib/objects-12.3+.nib ... 
2023-03-15 07:13:51 +0000  7161 bytes for ./QBImagePicker.bundle/QBImagePicker.storyboardc/QL5-wR-LYt-view-66K-TS-Yoc.nib/objects-12.3+.nib
2023-03-15 07:13:51 +0000  copying file ./QBImagePicker.bundle/QBImagePicker.storyboardc/QBAlbumsNavigationController.nib/runtime.nib ... 
2023-03-15 07:13:51 +0000  2617 bytes for ./QBImagePicker.bundle/QBImagePicker.storyboardc/QBAlbumsNavigationController.nib/runtime.nib
2023-03-15 07:13:51 +0000  copying file ./QBImagePicker.bundle/QBImagePicker.storyboardc/QBAlbumsNavigationController.nib/objects-12.3+.nib ... 
2023-03-15 07:13:51 +0000  2617 bytes for ./QBImagePicker.bundle/QBImagePicker.storyboardc/QBAlbumsNavigationController.nib/objects-12.3+.nib
2023-03-15 07:13:51 +0000  copying file ./QBImagePicker.bundle/QBImagePicker.storyboardc/Info.plist ... 
2023-03-15 07:13:51 +0000  289 bytes for ./QBImagePicker.bundle/QBImagePicker.storyboardc/Info.plist
2023-03-15 07:13:51 +0000  copying file ./QBImagePicker.bundle/nb.lproj/QBImagePicker.strings ... 
2023-03-15 07:13:51 +0000  1076 bytes for ./QBImagePicker.bundle/nb.lproj/QBImagePicker.strings
2023-03-15 07:13:51 +0000  copying file ./QBImagePicker.bundle/es.lproj/QBImagePicker.strings ... 
2023-03-15 07:13:51 +0000  1113 bytes for ./QBImagePicker.bundle/es.lproj/QBImagePicker.strings
2023-03-15 07:13:51 +0000  copying file ./QBImagePicker.bundle/da.lproj/QBImagePicker.strings ... 
2023-03-15 07:13:51 +0000  1015 bytes for ./QBImagePicker.bundle/da.lproj/QBImagePicker.strings
2023-03-15 07:13:51 +0000  copying file ./QBImagePicker.bundle/it.lproj/QBImagePicker.strings ... 
2023-03-15 07:13:51 +0000  1088 bytes for ./QBImagePicker.bundle/it.lproj/QBImagePicker.strings
2023-03-15 07:13:51 +0000  copying file ./QBImagePicker.bundle/sv.lproj/QBImagePicker.strings ... 
2023-03-15 07:13:51 +0000  1082 bytes for ./QBImagePicker.bundle/sv.lproj/QBImagePicker.strings
2023-03-15 07:13:51 +0000  copying file ./QBImagePicker.bundle/ko.lproj/QBImagePicker.strings ... 
2023-03-15 07:13:51 +0000  1139 bytes for ./QBImagePicker.bundle/ko.lproj/QBImagePicker.strings
2023-03-15 07:13:51 +0000  copying file ./QBImagePicker.bundle/zh-Hant.lproj/QBImagePicker.strings ... 
2023-03-15 07:13:51 +0000  1119 bytes for ./QBImagePicker.bundle/zh-Hant.lproj/QBImagePicker.strings
2023-03-15 07:13:51 +0000  copying file ./QBImagePicker.bundle/tr.lproj/QBImagePicker.strings ... 
2023-03-15 07:13:51 +0000  1104 bytes for ./QBImagePicker.bundle/tr.lproj/QBImagePicker.strings
2023-03-15 07:13:51 +0000  copying file ./QBImagePicker.bundle/pl.lproj/QBImagePicker.strings ... 
2023-03-15 07:13:51 +0000  1119 bytes for ./QBImagePicker.bundle/pl.lproj/QBImagePicker.strings
2023-03-15 07:13:51 +0000  copying file ./QBImagePicker.bundle/vi.lproj/QBImagePicker.strings ... 
2023-03-15 07:13:51 +0000  1143 bytes for ./QBImagePicker.bundle/vi.lproj/QBImagePicker.strings
2023-03-15 07:13:51 +0000  copying file ./QBImagePicker.bundle/ru.lproj/QBImagePicker.strings ... 
2023-03-15 07:13:51 +0000  1433 bytes for ./QBImagePicker.bundle/ru.lproj/QBImagePicker.strings
2023-03-15 07:13:51 +0000  copying file ./QBImagePicker.bundle/fr.lproj/QBImagePicker.strings ... 
2023-03-15 07:13:51 +0000  1153 bytes for ./QBImagePicker.bundle/fr.lproj/QBImagePicker.strings
2023-03-15 07:13:51 +0000  copying file ./QBImagePicker.bundle/fi.lproj/QBImagePicker.strings ... 
2023-03-15 07:13:51 +0000  1002 bytes for ./QBImagePicker.bundle/fi.lproj/QBImagePicker.strings
2023-03-15 07:13:51 +0000  copying file ./QBImagePicker.bundle/pt.lproj/QBImagePicker.strings ... 
2023-03-15 07:13:51 +0000  1112 bytes for ./QBImagePicker.bundle/pt.lproj/QBImagePicker.strings
2023-03-15 07:13:51 +0000  copying file ./QBImagePicker.bundle/ro.lproj/QBImagePicker.strings ... 
2023-03-15 07:13:51 +0000  1127 bytes for ./QBImagePicker.bundle/ro.lproj/QBImagePicker.strings
2023-03-15 07:13:51 +0000  copying file ./QBImagePicker.bundle/Info.plist ... 
2023-03-15 07:13:51 +0000  770 bytes for ./QBImagePicker.bundle/Info.plist
2023-03-15 07:13:51 +0000  copying file ./FontAwesome5_Brands.ttf ... 
2023-03-15 07:13:51 +0000  134040 bytes for ./FontAwesome5_Brands.ttf
2023-03-15 07:13:51 +0000  copying file ./MaterialCommunityIcons.ttf ... 
2023-03-15 07:13:51 +0000  1147844 bytes for ./MaterialCommunityIcons.ttf
2023-03-15 07:13:51 +0000  copying file ./AppIcon60x60@2x.png ... 
1761 bytes for ./AppIcon60x60@2x.png
2023-03-15 07:13:51 +0000  copying file ./IQKeyboardManager.bundle/de.lproj/IQKeyboardManager.strings ... 
2023-03-15 07:13:51 +0000  489 bytes for ./IQKeyboardManager.bundle/de.lproj/IQKeyboardManager.strings
2023-03-15 07:13:51 +0000  copying file ./IQKeyboardManager.bundle/zh-Hans/IQKeyboardManager.strings ... 
2023-03-15 07:13:51 +0000  479 bytes for ./IQKeyboardManager.bundle/zh-Hans/IQKeyboardManager.strings
2023-03-15 07:13:51 +0000  copying file ./IQKeyboardManager.bundle/zh-Hant/IQKeyboardManager.strings ... 
2023-03-15 07:13:51 +0000  479 bytes for ./IQKeyboardManager.bundle/zh-Hant/IQKeyboardManager.strings
2023-03-15 07:13:51 +0000  copying file ./IQKeyboardManager.bundle/en.lproj/IQKeyboardManager.strings ... 
2023-03-15 07:13:51 +0000  474 bytes for ./IQKeyboardManager.bundle/en.lproj/IQKeyboardManager.strings
2023-03-15 07:13:51 +0000  copying file ./IQKeyboardManager.bundle/es.lproj/IQKeyboardManager.strings ... 
2023-03-15 07:13:51 +0000  496 bytes for ./IQKeyboardManager.bundle/es.lproj/IQKeyboardManager.strings
2023-03-15 07:13:51 +0000  copying file ./IQKeyboardManager.bundle/IQButtonBarArrowRight@2x.png ... 
2023-03-15 07:13:51 +0000  1786 bytes for ./IQKeyboardManager.bundle/IQButtonBarArrowRight@2x.png
2023-03-15 07:13:51 +0000  copying file ./IQKeyboardManager.bundle/IQButtonBarArrowRight@3x.png ... 
2023-03-15 07:13:51 +0000  1844 bytes for ./IQKeyboardManager.bundle/IQButtonBarArrowRight@3x.png
2023-03-15 07:13:51 +0000  copying file ./IQKeyboardManager.bundle/IQButtonBarArrowLeft.png ... 
2023-03-15 07:13:51 +0000  886 bytes for ./IQKeyboardManager.bundle/IQButtonBarArrowLeft.png
2023-03-15 07:13:51 +0000  copying file ./IQKeyboardManager.bundle/IQButtonBarArrowRight.png ... 
2023-03-15 07:13:51 +0000  943 bytes for ./IQKeyboardManager.bundle/IQButtonBarArrowRight.png
2023-03-15 07:13:51 +0000  copying file ./IQKeyboardManager.bundle/IQButtonBarArrowLeft@3x.png ... 
2023-03-15 07:13:51 +0000  1815 bytes for ./IQKeyboardManager.bundle/IQButtonBarArrowLeft@3x.png
2023-03-15 07:13:51 +0000  copying file ./IQKeyboardManager.bundle/fr.lproj/IQKeyboardManager.strings ... 
2023-03-15 07:13:51 +0000  497 bytes for ./IQKeyboardManager.bundle/fr.lproj/IQKeyboardManager.strings
2023-03-15 07:13:51 +0000  copying file ./IQKeyboardManager.bundle/IQButtonBarArrowLeft@2x.png ... 
2023-03-15 07:13:51 +0000  1793 bytes for ./IQKeyboardManager.bundle/IQButtonBarArrowLeft@2x.png
2023-03-15 07:13:51 +0000  copying file ./AntDesign.ttf ... 
2023-03-15 07:13:51 +0000  70344 bytes for ./AntDesign.ttf
2023-03-15 07:13:51 +0000  copying file ./Foundation.ttf ... 
2023-03-15 07:13:51 +0000  56976 bytes for ./Foundation.ttf
2023-03-15 07:13:51 +0000  copying file ./Ionicons.ttf ... 
2023-03-15 07:13:51 +0000  247192 bytes for ./Ionicons.ttf
2023-03-15 07:13:51 +0000  copying file ./FontAwesome5_Solid.ttf ... 
2023-03-15 07:13:51 +0000  202744 bytes for ./FontAwesome5_Solid.ttf
2023-03-15 07:13:51 +0000  copying file ./FontAwesome5_Regular.ttf ... 
2023-03-15 07:13:51 +0000  33736 bytes for ./FontAwesome5_Regular.ttf
2023-03-15 07:13:51 +0000  copying file ./AccessibilityResources.bundle/_CodeSignature/CodeResources ... 
2023-03-15 07:13:51 +0000  2155 bytes for ./AccessibilityResources.bundle/_CodeSignature/CodeResources
2023-03-15 07:13:51 +0000  copying file ./AccessibilityResources.bundle/_CodeSignature/CodeDirectory ... 
2023-03-15 07:13:51 +0000  180 bytes for ./AccessibilityResources.bundle/_CodeSignature/CodeDirectory
2023-03-15 07:13:51 +0000  copying file ./AccessibilityResources.bundle/_CodeSignature/CodeRequirements-1 ... 
2023-03-15 07:13:51 +0000  228 bytes for ./AccessibilityResources.bundle/_CodeSignature/CodeRequirements-1
2023-03-15 07:13:51 +0000  copying file ./AccessibilityResources.bundle/_CodeSignature/CodeSignature ... 
2023-03-15 07:13:51 +0000  4885 bytes for ./AccessibilityResources.bundle/_CodeSignature/CodeSignature
2023-03-15 07:13:51 +0000  copying file ./AccessibilityResources.bundle/_CodeSignature/CodeRequirements ... 
2023-03-15 07:13:51 +0000  196 bytes for ./AccessibilityResources.bundle/_CodeSignature/CodeRequirements
2023-03-15 07:13:51 +0000  copying file ./AccessibilityResources.bundle/en.lproj/Localizable.strings ... 
2023-03-15 07:13:51 +0000  518 bytes for ./AccessibilityResources.bundle/en.lproj/Localizable.strings
2023-03-15 07:13:51 +0000  copying file ./AccessibilityResources.bundle/Info.plist ... 
2023-03-15 07:13:51 +0000  790 bytes for ./AccessibilityResources.bundle/Info.plist
2023-03-15 07:13:51 +0000  copying file ./FontAwesome.ttf ... 
2023-03-15 07:13:51 +0000  165548 bytes for ./FontAwesome.ttf
2023-03-15 07:13:51 +0000  copying file ./Zocial.ttf ... 
2023-03-15 07:13:52 +0000  25788 bytes for ./Zocial.ttf
2023-03-15 07:13:52 +0000  copying file ./Assets.car ... 
2023-03-15 07:13:52 +0000  51880 bytes for ./Assets.car
2023-03-15 07:13:52 +0000  copying file ./EvilIcons.ttf ... 
2023-03-15 07:13:52 +0000  13456 bytes for ./EvilIcons.ttf
2023-03-15 07:13:52 +0000  copying file ./main.jsbundle ... 
2023-03-15 07:13:52 +0000  2909295 bytes for ./main.jsbundle
2023-03-15 07:13:52 +0000  copying file ./LaunchScreen.storyboardc/01J-lp-oVM-view-Ze5-6b-2t3.nib ... 
3861 bytes for ./LaunchScreen.storyboardc/01J-lp-oVM-view-Ze5-6b-2t3.nib
copying file ./LaunchScreen.storyboardc/UIViewController-01J-lp-oVM.nib ... 
896 bytes for ./LaunchScreen.storyboardc/UIViewController-01J-lp-oVM.nib
copying file ./LaunchScreen.storyboardc/Info.plist ... 
258 bytes for ./LaunchScreen.storyboardc/Info.plist
2023-03-15 07:13:52 +0000  copying file ./TOCropViewControllerBundle.bundle/de.lproj/TOCropViewControllerLocalizable.strings ... 
2023-03-15 07:13:52 +0000  189 bytes for ./TOCropViewControllerBundle.bundle/de.lproj/TOCropViewControllerLocalizable.strings
2023-03-15 07:13:52 +0000  copying file ./TOCropViewControllerBundle.bundle/_CodeSignature/CodeResources ... 
2023-03-15 07:13:52 +0000  15092 bytes for ./TOCropViewControllerBundle.bundle/_CodeSignature/CodeResources
2023-03-15 07:13:52 +0000  copying file ./TOCropViewControllerBundle.bundle/_CodeSignature/CodeDirectory ... 
2023-03-15 07:13:52 +0000  184 bytes for ./TOCropViewControllerBundle.bundle/_CodeSignature/CodeDirectory
2023-03-15 07:13:52 +0000  copying file ./TOCropViewControllerBundle.bundle/_CodeSignature/CodeRequirements-1 ... 
2023-03-15 07:13:52 +0000  232 bytes for ./TOCropViewControllerBundle.bundle/_CodeSignature/CodeRequirements-1
2023-03-15 07:13:52 +0000  copying file ./TOCropViewControllerBundle.bundle/_CodeSignature/CodeSignature ... 
2023-03-15 07:13:52 +0000  4885 bytes for ./TOCropViewControllerBundle.bundle/_CodeSignature/CodeSignature
2023-03-15 07:13:52 +0000  copying file ./TOCropViewControllerBundle.bundle/_CodeSignature/CodeRequirements ... 
2023-03-15 07:13:52 +0000  200 bytes for ./TOCropViewControllerBundle.bundle/_CodeSignature/CodeRequirements
2023-03-15 07:13:52 +0000  copying file ./TOCropViewControllerBundle.bundle/ar.lproj/TOCropViewControllerLocalizable.strings ... 
2023-03-15 07:13:52 +0000  207 bytes for ./TOCropViewControllerBundle.bundle/ar.lproj/TOCropViewControllerLocalizable.strings
2023-03-15 07:13:52 +0000  copying file ./TOCropViewControllerBundle.bundle/zh-Hans.lproj/TOCropViewControllerLocalizable.strings ... 
2023-03-15 07:13:52 +0000  172 bytes for ./TOCropViewControllerBundle.bundle/zh-Hans.lproj/TOCropViewControllerLocalizable.strings
2023-03-15 07:13:52 +0000  copying file ./TOCropViewControllerBundle.bundle/ja.lproj/TOCropViewControllerLocalizable.strings ... 
2023-03-15 07:13:52 +0000  210 bytes for ./TOCropViewControllerBundle.bundle/ja.lproj/TOCropViewControllerLocalizable.strings
2023-03-15 07:13:52 +0000  copying file ./TOCropViewControllerBundle.bundle/fa.lproj/TOCropViewControllerLocalizable.strings ... 
2023-03-15 07:13:52 +0000  210 bytes for ./TOCropViewControllerBundle.bundle/fa.lproj/TOCropViewControllerLocalizable.strings
2023-03-15 07:13:52 +0000  copying file ./TOCropViewControllerBundle.bundle/en.lproj/TOCropViewControllerLocalizable.strings ... 
2023-03-15 07:13:52 +0000  168 bytes for ./TOCropViewControllerBundle.bundle/en.lproj/TOCropViewControllerLocalizable.strings
2023-03-15 07:13:52 +0000  copying file ./TOCropViewControllerBundle.bundle/es.lproj/TOCropViewControllerLocalizable.strings ... 
2023-03-15 07:13:52 +0000  179 bytes for ./TOCropViewControllerBundle.bundle/es.lproj/TOCropViewControllerLocalizable.strings
2023-03-15 07:13:52 +0000  copying file ./TOCropViewControllerBundle.bundle/it.lproj/TOCropViewControllerLocalizable.strings ... 
2023-03-15 07:13:52 +0000  181 bytes for ./TOCropViewControllerBundle.bundle/it.lproj/TOCropViewControllerLocalizable.strings
2023-03-15 07:13:52 +0000  copying file ./TOCropViewControllerBundle.bundle/sk.lproj/TOCropViewControllerLocalizable.strings ... 
2023-03-15 07:13:52 +0000  176 bytes for ./TOCropViewControllerBundle.bundle/sk.lproj/TOCropViewControllerLocalizable.strings
2023-03-15 07:13:52 +0000  copying file ./TOCropViewControllerBundle.bundle/ms.lproj/TOCropViewControllerLocalizable.strings ... 
2023-03-15 07:13:52 +0000  173 bytes for ./TOCropViewControllerBundle.bundle/ms.lproj/TOCropViewControllerLocalizable.strings
2023-03-15 07:13:52 +0000  copying file ./TOCropViewControllerBundle.bundle/cs.lproj/TOCropViewControllerLocalizable.strings ... 
2023-03-15 07:13:52 +0000  173 bytes for ./TOCropViewControllerBundle.bundle/cs.lproj/TOCropViewControllerLocalizable.strings
2023-03-15 07:13:52 +0000  copying file ./TOCropViewControllerBundle.bundle/ko.lproj/TOCropViewControllerLocalizable.strings ... 
2023-03-15 07:13:52 +0000  187 bytes for ./TOCropViewControllerBundle.bundle/ko.lproj/TOCropViewControllerLocalizable.strings
2023-03-15 07:13:52 +0000  copying file ./TOCropViewControllerBundle.bundle/Base.lproj/TOCropViewControllerLocalizable.strings ... 
2023-03-15 07:13:52 +0000  168 bytes for ./TOCropViewControllerBundle.bundle/Base.lproj/TOCropViewControllerLocalizable.strings
2023-03-15 07:13:52 +0000  copying file ./TOCropViewControllerBundle.bundle/zh-Hant.lproj/TOCropViewControllerLocalizable.strings ... 
2023-03-15 07:13:52 +0000  175 bytes for ./TOCropViewControllerBundle.bundle/zh-Hant.lproj/TOCropViewControllerLocalizable.strings
2023-03-15 07:13:52 +0000  copying file ./TOCropViewControllerBundle.bundle/fa-IR.lproj/TOCropViewControllerLocalizable.strings ... 
2023-03-15 07:13:52 +0000  210 bytes for ./TOCropViewControllerBundle.bundle/fa-IR.lproj/TOCropViewControllerLocalizable.strings
2023-03-15 07:13:52 +0000  copying file ./TOCropViewControllerBundle.bundle/hu.lproj/TOCropViewControllerLocalizable.strings ... 
2023-03-15 07:13:52 +0000  194 bytes for ./TOCropViewControllerBundle.bundle/hu.lproj/TOCropViewControllerLocalizable.strings
2023-03-15 07:13:52 +0000  copying file ./TOCropViewControllerBundle.bundle/da-DK.lproj/TOCropViewControllerLocalizable.strings ... 
2023-03-15 07:13:52 +0000  174 bytes for ./TOCropViewControllerBundle.bundle/da-DK.lproj/TOCropViewControllerLocalizable.strings
2023-03-15 07:13:52 +0000  copying file ./TOCropViewControllerBundle.bundle/tr.lproj/TOCropViewControllerLocalizable.strings ... 
2023-03-15 07:13:52 +0000  183 bytes for ./TOCropViewControllerBundle.bundle/tr.lproj/TOCropViewControllerLocalizable.strings
2023-03-15 07:13:52 +0000  copying file ./TOCropViewControllerBundle.bundle/pl.lproj/TOCropViewControllerLocalizable.strings ... 
2023-03-15 07:13:52 +0000  171 bytes for ./TOCropViewControllerBundle.bundle/pl.lproj/TOCropViewControllerLocalizable.strings
2023-03-15 07:13:52 +0000  copying file ./TOCropViewControllerBundle.bundle/pt-BR.lproj/TOCropViewControllerLocalizable.strings ... 
2023-03-15 07:13:52 +0000  181 bytes for ./TOCropViewControllerBundle.bundle/pt-BR.lproj/TOCropViewControllerLocalizable.strings
2023-03-15 07:13:52 +0000  copying file ./TOCropViewControllerBundle.bundle/vi.lproj/TOCropViewControllerLocalizable.strings ... 
2023-03-15 07:13:52 +0000  178 bytes for ./TOCropViewControllerBundle.bundle/vi.lproj/TOCropViewControllerLocalizable.strings
2023-03-15 07:13:52 +0000  copying file ./TOCropViewControllerBundle.bundle/ru.lproj/TOCropViewControllerLocalizable.strings ... 
2023-03-15 07:13:52 +0000  237 bytes for ./TOCropViewControllerBundle.bundle/ru.lproj/TOCropViewControllerLocalizable.strings
2023-03-15 07:13:52 +0000  copying file ./TOCropViewControllerBundle.bundle/fr.lproj/TOCropViewControllerLocalizable.strings ... 
2023-03-15 07:13:52 +0000  193 bytes for ./TOCropViewControllerBundle.bundle/fr.lproj/TOCropViewControllerLocalizable.strings
2023-03-15 07:13:52 +0000  copying file ./TOCropViewControllerBundle.bundle/fi.lproj/TOCropViewControllerLocalizable.strings ... 
2023-03-15 07:13:52 +0000  179 bytes for ./TOCropViewControllerBundle.bundle/fi.lproj/TOCropViewControllerLocalizable.strings
2023-03-15 07:13:52 +0000  copying file ./TOCropViewControllerBundle.bundle/id.lproj/TOCropViewControllerLocalizable.strings ... 
2023-03-15 07:13:52 +0000  178 bytes for ./TOCropViewControllerBundle.bundle/id.lproj/TOCropViewControllerLocalizable.strings
2023-03-15 07:13:52 +0000  copying file ./TOCropViewControllerBundle.bundle/nl.lproj/TOCropViewControllerLocalizable.strings ... 
2023-03-15 07:13:52 +0000  178 bytes for ./TOCropViewControllerBundle.bundle/nl.lproj/TOCropViewControllerLocalizable.strings
2023-03-15 07:13:52 +0000  copying file ./TOCropViewControllerBundle.bundle/pt.lproj/TOCropViewControllerLocalizable.strings ... 
2023-03-15 07:13:52 +0000  181 bytes for ./TOCropViewControllerBundle.bundle/pt.lproj/TOCropViewControllerLocalizable.strings
2023-03-15 07:13:52 +0000  copying file ./TOCropViewControllerBundle.bundle/ro.lproj/TOCropViewControllerLocalizable.strings ... 
2023-03-15 07:13:52 +0000  181 bytes for ./TOCropViewControllerBundle.bundle/ro.lproj/TOCropViewControllerLocalizable.strings
2023-03-15 07:13:52 +0000  copying file ./TOCropViewControllerBundle.bundle/Info.plist ... 
2023-03-15 07:13:52 +0000  797 bytes for ./TOCropViewControllerBundle.bundle/Info.plist
2023-03-15 07:13:52 +0000  copying file ./TOCropViewControllerBundle.bundle/ca.lproj/TOCropViewControllerLocalizable.strings ... 
2023-03-15 07:13:52 +0000  177 bytes for ./TOCropViewControllerBundle.bundle/ca.lproj/TOCropViewControllerLocalizable.strings
2023-03-15 07:13:52 +0000  copying file ./SimpleLineIcons.ttf ... 
2023-03-15 07:13:52 +0000  54056 bytes for ./SimpleLineIcons.ttf
2023-03-15 07:13:52 +0000  copying file ./embedded.mobileprovision ... 
2023-03-15 07:13:52 +0000  13272 bytes for ./embedded.mobileprovision
2023-03-15 07:13:52 +0000  copying file ./assets/node_modules/react-native-ratings/dist/images/bell.png ... 
2023-03-15 07:13:52 +0000  2989 bytes for ./assets/node_modules/react-native-ratings/dist/images/bell.png
2023-03-15 07:13:52 +0000  copying file ./assets/node_modules/react-native-ratings/dist/images/airbnb-star-selected.png ... 
2023-03-15 07:13:52 +0000  934 bytes for ./assets/node_modules/react-native-ratings/dist/images/airbnb-star-selected.png
2023-03-15 07:13:52 +0000  copying file ./assets/node_modules/react-native-ratings/dist/images/heart.png ... 
2023-03-15 07:13:52 +0000  1928 bytes for ./assets/node_modules/react-native-ratings/dist/images/heart.png
2023-03-15 07:13:52 +0000  copying file ./assets/node_modules/react-native-ratings/dist/images/airbnb-star.png ... 
2023-03-15 07:13:52 +0000  930 bytes for ./assets/node_modules/react-native-ratings/dist/images/airbnb-star.png
2023-03-15 07:13:52 +0000  copying file ./assets/node_modules/react-native-ratings/dist/images/rocket.png ... 
2023-03-15 07:13:52 +0000  4050 bytes for ./assets/node_modules/react-native-ratings/dist/images/rocket.png
2023-03-15 07:13:52 +0000  copying file ./assets/node_modules/react-native-ratings/dist/images/star.png ... 
2023-03-15 07:13:52 +0000  1961 bytes for ./assets/node_modules/react-native-ratings/dist/images/star.png
2023-03-15 07:13:52 +0000  copying file ./assets/node_modules/@react-navigation/stack/src/views/assets/back-icon@3x.png ... 
2023-03-15 07:13:52 +0000  761 bytes for ./assets/node_modules/@react-navigation/stack/src/views/assets/back-icon@3x.png
2023-03-15 07:13:52 +0000  copying file ./assets/node_modules/@react-navigation/stack/src/views/assets/back-icon@2x.png ... 
2023-03-15 07:13:52 +0000  405 bytes for ./assets/node_modules/@react-navigation/stack/src/views/assets/back-icon@2x.png
2023-03-15 07:13:52 +0000  copying file ./assets/node_modules/@react-navigation/stack/src/views/assets/back-icon.png ... 
2023-03-15 07:13:52 +0000  290 bytes for ./assets/node_modules/@react-navigation/stack/src/views/assets/back-icon.png
2023-03-15 07:13:52 +0000  copying file ./assets/node_modules/@react-navigation/stack/src/views/assets/back-icon-mask.png ... 
2023-03-15 07:13:52 +0000  913 bytes for ./assets/node_modules/@react-navigation/stack/src/views/assets/back-icon-mask.png
2023-03-15 07:13:52 +0000  copying file ./assets/src/images/logo.png ... 
2023-03-15 07:13:52 +0000  5767 bytes for ./assets/src/images/logo.png
2023-03-15 07:13:52 +0000  copying file ./assets/src/components/calendarStrip/img/left-arrow-black.png ... 
2023-03-15 07:13:52 +0000  311 bytes for ./assets/src/components/calendarStrip/img/left-arrow-black.png
2023-03-15 07:13:52 +0000  copying file ./assets/src/components/calendarStrip/img/right-arrow-black.png ... 
2023-03-15 07:13:52 +0000  304 bytes for ./assets/src/components/calendarStrip/img/right-arrow-black.png
2023-03-15 07:13:52 +0000  copying file ./Info.plist ... 
2023-03-15 07:13:52 +0000  2098 bytes for ./Info.plist
2023-03-15 07:13:52 +0000  copying file ./PkgInfo ... 
2023-03-15 07:13:52 +0000  8 bytes for ./PkgInfo
2023-03-15 07:13:52 +0000  copying file ./MaterialIcons.ttf ... 
2023-03-15 07:13:52 +0000  230384 bytes for ./MaterialIcons.ttf
2023-03-15 07:13:52 +0000  copying file ./LawyerApp ... 
2023-03-15 07:13:52 +0000  5567376 bytes for ./LawyerApp
2023-03-15 07:13:52 +0000  /usr/bin/ditto exited with 0
2023-03-15 07:13:52 +0000  Processing step: IDEDistributionEmbedProfileStep
2023-03-15 07:13:52 +0000  Processing step: IDEDistributionInfoPlistStep
2023-03-15 07:13:52 +0000  Skipping step: IDEDistributionInfoPlistStep because it said so
2023-03-15 07:13:52 +0000  Processing step: IDEDistributionAppThinningPlistStep
2023-03-15 07:13:52 +0000  Skipping step: IDEDistributionAppThinningPlistStep because it said so
2023-03-15 07:13:52 +0000  Processing step: IDEDistributionCompileBitcodeStep
2023-03-15 07:13:52 +0000  Skipping step: IDEDistributionCompileBitcodeStep because it said so
2023-03-15 07:13:52 +0000  Processing step: IDEDistributionCodeSlimmingStep
2023-03-15 07:13:52 +0000  Processing step: IDEDistributionCopyBCSymbolMapsStep
2023-03-15 07:13:52 +0000  Skipping step: IDEDistributionCopyBCSymbolMapsStep because it said so
2023-03-15 07:13:52 +0000  Processing step: IDEDistributionSymbolsStep
2023-03-15 07:13:52 +0000  Skipping step: IDEDistributionSymbolsStep because it said so
2023-03-15 07:13:52 +0000  Processing step: IDEDistributionAppThinningStep
2023-03-15 07:13:52 +0000  Skipping step: IDEDistributionAppThinningStep because it said so
2023-03-15 07:13:52 +0000  Processing step: IDEDistributionArchThinningStep
2023-03-15 07:13:52 +0000  Running /Applications/Xcode.app/Contents/Developer/Toolchains/XcodeDefault.xctoolchain/usr/bin/lipo '/var/folders/j9/pptsf0n90537kmw00xbnd2mr0000gn/T/XcodeDistPipeline.~~~KrlApn/Root/Payload/LawyerApp.app/LawyerApp' '-verify_arch' 'arm64e'
2023-03-15 07:13:52 +0000  /Applications/Xcode.app/Contents/Developer/Toolchains/XcodeDefault.xctoolchain/usr/bin/lipo exited with 1
2023-03-15 07:13:52 +0000  Skipping architecture thinning for item "LawyerApp" because arch "arm64e" wasn't found
2023-03-15 07:13:52 +0000  Processing step: IDEDistributionODRStep
2023-03-15 07:13:52 +0000  Processing step: IDEDistributionStripXattrsStep
2023-03-15 07:13:52 +0000  Running /usr/bin/xattr '-crs' '/var/folders/j9/pptsf0n90537kmw00xbnd2mr0000gn/T/XcodeDistPipeline.~~~KrlApn/Root/Payload/LawyerApp.app'
2023-03-15 07:13:52 +0000  /usr/bin/xattr exited with 0
2023-03-15 07:13:52 +0000  Processing step: IDEDistributionCodesignStep
2023-03-15 07:13:52 +0000  Entitlements for <IDEDistributionItem: 0x60002133bd20; bundleID='org.reactjs.native.ky.LawyerApp', path='<DVTFilePath:0x60000df487e0:'/Users/yukuai/Library/Developer/Xcode/Archives/2023-03-15/LawyerApp 2023-3-15, 15.13.xcarchive/Products/Applications/LawyerApp.app'>', codeSigningInfo='<_DVTCodeSigningInformation_Path: 0x6000110dd9f0; isSigned='1', isAdHocSigned='0', signingCertificate='<DVTSigningCertificate: 0x6000000b84d0; name='Apple Development: Zhijing Sun (4SF4P5A6B2)', hash='2FC59D04C7B8EB53A495EAE9D56669A705946A5D', serialNumber='343D9E14988E99882BDD30D586090C5D', certificateKinds='(
    "1.2.840.113635.100.6.1.12",
    "1.2.840.113635.100.6.1.2"
), issueDate='2023-03-06 01:24:33 +0000''>', entitlements='{
    "application-identifier" = "T7N25URN4F.org.reactjs.native.ky.LawyerApp";
    "aps-environment" = development;
    "com.apple.developer.team-identifier" = T7N25URN4F;
    "get-task-allow" = 1;
}', teamID='T7N25URN4F', identifier='org.reactjs.native.ky.LawyerApp', executablePath='<DVTFilePath:0x60000df63870:'/Users/yukuai/Library/Developer/Xcode/Archives/2023-03-15/LawyerApp 2023-3-15, 15.13.xcarchive/Products/Applications/LawyerApp.app/LawyerApp'>', hardenedRuntime='0'>'>: {
    "application-identifier" = "T7N25URN4F.org.reactjs.native.ky.LawyerApp";
    "aps-environment" = production;
    "com.apple.developer.team-identifier" = T7N25URN4F;
    "get-task-allow" = 0;
}
2023-03-15 07:13:52 +0000  Entitlements for <IDEDistributionItem: 0x60002133bd20; bundleID='org.reactjs.native.ky.LawyerApp', path='<DVTFilePath:0x60000df487e0:'/Users/yukuai/Library/Developer/Xcode/Archives/2023-03-15/LawyerApp 2023-3-15, 15.13.xcarchive/Products/Applications/LawyerApp.app'>', codeSigningInfo='<_DVTCodeSigningInformation_Path: 0x6000110dd9f0; isSigned='1', isAdHocSigned='0', signingCertificate='<DVTSigningCertificate: 0x6000000ba470; name='Apple Development: Zhijing Sun (4SF4P5A6B2)', hash='2FC59D04C7B8EB53A495EAE9D56669A705946A5D', serialNumber='343D9E14988E99882BDD30D586090C5D', certificateKinds='(
    "1.2.840.113635.100.6.1.12",
    "1.2.840.113635.100.6.1.2"
), issueDate='2023-03-06 01:24:33 +0000''>', entitlements='{
    "application-identifier" = "T7N25URN4F.org.reactjs.native.ky.LawyerApp";
    "aps-environment" = development;
    "com.apple.developer.team-identifier" = T7N25URN4F;
    "get-task-allow" = 1;
}', teamID='T7N25URN4F', identifier='org.reactjs.native.ky.LawyerApp', executablePath='<DVTFilePath:0x60000df63870:'/Users/yukuai/Library/Developer/Xcode/Archives/2023-03-15/LawyerApp 2023-3-15, 15.13.xcarchive/Products/Applications/LawyerApp.app/LawyerApp'>', hardenedRuntime='0'>'> are: {
    "application-identifier" = "T7N25URN4F.org.reactjs.native.ky.LawyerApp";
    "aps-environment" = production;
    "com.apple.developer.team-identifier" = T7N25URN4F;
    "get-task-allow" = 0;
}
2023-03-15 07:13:52 +0000  Writing entitlements for <IDEDistributionItem: 0x60002133bd20; bundleID='org.reactjs.native.ky.LawyerApp', path='<DVTFilePath:0x60000df487e0:'/Users/yukuai/Library/Developer/Xcode/Archives/2023-03-15/LawyerApp 2023-3-15, 15.13.xcarchive/Products/Applications/LawyerApp.app'>', codeSigningInfo='<_DVTCodeSigningInformation_Path: 0x6000110dd9f0; isSigned='1', isAdHocSigned='0', signingCertificate='<DVTSigningCertificate: 0x600000079550; name='Apple Development: Zhijing Sun (4SF4P5A6B2)', hash='2FC59D04C7B8EB53A495EAE9D56669A705946A5D', serialNumber='343D9E14988E99882BDD30D586090C5D', certificateKinds='(
    "1.2.840.113635.100.6.1.12",
    "1.2.840.113635.100.6.1.2"
), issueDate='2023-03-06 01:24:33 +0000''>', entitlements='{
    "application-identifier" = "T7N25URN4F.org.reactjs.native.ky.LawyerApp";
    "aps-environment" = development;
    "com.apple.developer.team-identifier" = T7N25URN4F;
    "get-task-allow" = 1;
}', teamID='T7N25URN4F', identifier='org.reactjs.native.ky.LawyerApp', executablePath='<DVTFilePath:0x60000df63870:'/Users/yukuai/Library/Developer/Xcode/Archives/2023-03-15/LawyerApp 2023-3-15, 15.13.xcarchive/Products/Applications/LawyerApp.app/LawyerApp'>', hardenedRuntime='0'>'> to: /var/folders/j9/pptsf0n90537kmw00xbnd2mr0000gn/T/XcodeDistPipeline.~~~KrlApn/entitlements~~~zG1Tf7
2023-03-15 07:13:52 +0000  Running /usr/bin/codesign '-vvv' '--force' '--sign' '4F64A62316A80705C19EB2D261CB0D9D02A4B034' '--entitlements' '/var/folders/j9/pptsf0n90537kmw00xbnd2mr0000gn/T/XcodeDistPipeline.~~~KrlApn/entitlements~~~zG1Tf7' '--generate-entitlement-der' '--preserve-metadata=identifier,flags,runtime' '/var/folders/j9/pptsf0n90537kmw00xbnd2mr0000gn/T/XcodeDistPipeline.~~~KrlApn/Root/Payload/LawyerApp.app'
2023-03-15 07:13:52 +0000  /var/folders/j9/pptsf0n90537kmw00xbnd2mr0000gn/T/XcodeDistPipeline.~~~KrlApn/Root/Payload/LawyerApp.app: replacing existing signature
2023-03-15 07:13:52 +0000  /var/folders/j9/pptsf0n90537kmw00xbnd2mr0000gn/T/XcodeDistPipeline.~~~KrlApn/Root/Payload/LawyerApp.app: signed app bundle with Mach-O thin (arm64) [org.reactjs.native.ky.LawyerApp]
2023-03-15 07:13:52 +0000  /usr/bin/codesign exited with 0
2023-03-15 07:13:52 +0000  Processing step: IDEDistributionZipODRItemStep
2023-03-15 07:13:52 +0000  Skipping step: IDEDistributionZipODRItemStep because it said so
2023-03-15 07:13:52 +0000  Processing step: IDEDistributionCreateIPAStep
2023-03-15 07:13:52 +0000  Running /usr/bin/ditto '-V' '-c' '-k' '--norsrc' '/var/folders/j9/pptsf0n90537kmw00xbnd2mr0000gn/T/XcodeDistPipeline.~~~KrlApn/Root' '/var/folders/j9/pptsf0n90537kmw00xbnd2mr0000gn/T/XcodeDistPipeline.~~~KrlApn/Packages/LawyerApp.ipa'
2023-03-15 07:13:52 +0000  >>> Copying /var/folders/j9/pptsf0n90537kmw00xbnd2mr0000gn/T/XcodeDistPipeline.~~~KrlApn/Root 
2023-03-15 07:13:52 +0000  copying file ./Payload/LawyerApp.app/_CodeSignature/CodeResources ... 
2023-03-15 07:13:52 +0000  46409 bytes for ./Payload/LawyerApp.app/_CodeSignature/CodeResources
2023-03-15 07:13:52 +0000  copying file ./Payload/LawyerApp.app/icomoon.ttf ... 
2023-03-15 07:13:52 +0000  5048 bytes for ./Payload/LawyerApp.app/icomoon.ttf
2023-03-15 07:13:52 +0000  copying file ./Payload/LawyerApp.app/Fontisto.ttf ... 
2023-03-15 07:13:52 +0000  313528 bytes for ./Payload/LawyerApp.app/Fontisto.ttf
2023-03-15 07:13:52 +0000  copying file ./Payload/LawyerApp.app/Octicons.ttf ... 
2023-03-15 07:13:52 +0000  49404 bytes for ./Payload/LawyerApp.app/Octicons.ttf
2023-03-15 07:13:52 +0000  copying file ./Payload/LawyerApp.app/Feather.ttf ... 
2023-03-15 07:13:52 +0000  56228 bytes for ./Payload/LawyerApp.app/Feather.ttf
2023-03-15 07:13:52 +0000  copying file ./Payload/LawyerApp.app/Entypo.ttf ... 
2023-03-15 07:13:52 +0000  66200 bytes for ./Payload/LawyerApp.app/Entypo.ttf
2023-03-15 07:13:52 +0000  copying file ./Payload/LawyerApp.app/QBImagePicker.bundle/de.lproj/QBImagePicker.strings ... 
2023-03-15 07:13:52 +0000  1131 bytes for ./Payload/LawyerApp.app/QBImagePicker.bundle/de.lproj/QBImagePicker.strings
2023-03-15 07:13:52 +0000  copying file ./Payload/LawyerApp.app/QBImagePicker.bundle/_CodeSignature/CodeResources ... 
2023-03-15 07:13:52 +0000  14598 bytes for ./Payload/LawyerApp.app/QBImagePicker.bundle/_CodeSignature/CodeResources
2023-03-15 07:13:52 +0000  copying file ./Payload/LawyerApp.app/QBImagePicker.bundle/_CodeSignature/CodeDirectory ... 
2023-03-15 07:13:52 +0000  171 bytes for ./Payload/LawyerApp.app/QBImagePicker.bundle/_CodeSignature/CodeDirectory
copying file ./Payload/LawyerApp.app/QBImagePicker.bundle/_CodeSignature/CodeRequirements-1 ... 
2023-03-15 07:13:52 +0000  219 bytes for ./Payload/LawyerApp.app/QBImagePicker.bundle/_CodeSignature/CodeRequirements-1
copying file ./Payload/LawyerApp.app/QBImagePicker.bundle/_CodeSignature/CodeSignature ... 
2023-03-15 07:13:52 +0000  4885 bytes for ./Payload/LawyerApp.app/QBImagePicker.bundle/_CodeSignature/CodeSignature
2023-03-15 07:13:52 +0000  copying file ./Payload/LawyerApp.app/QBImagePicker.bundle/_CodeSignature/CodeRequirements ... 
2023-03-15 07:13:52 +0000  188 bytes for ./Payload/LawyerApp.app/QBImagePicker.bundle/_CodeSignature/CodeRequirements
2023-03-15 07:13:52 +0000  copying file ./Payload/LawyerApp.app/QBImagePicker.bundle/zh-Hans.lproj/QBImagePicker.strings ... 
2023-03-15 07:13:52 +0000  1119 bytes for ./Payload/LawyerApp.app/QBImagePicker.bundle/zh-Hans.lproj/QBImagePicker.strings
2023-03-15 07:13:52 +0000  copying file ./Payload/LawyerApp.app/QBImagePicker.bundle/ja.lproj/QBImagePicker.strings ... 
2023-03-15 07:13:52 +0000  1214 bytes for ./Payload/LawyerApp.app/QBImagePicker.bundle/ja.lproj/QBImagePicker.strings
2023-03-15 07:13:52 +0000  copying file ./Payload/LawyerApp.app/QBImagePicker.bundle/en.lproj/QBImagePicker.strings ... 
2023-03-15 07:13:52 +0000  1064 bytes for ./Payload/LawyerApp.app/QBImagePicker.bundle/en.lproj/QBImagePicker.strings
2023-03-15 07:13:52 +0000  copying file ./Payload/LawyerApp.app/QBImagePicker.bundle/uk.lproj/QBImagePicker.strings ... 
2023-03-15 07:13:52 +0000  1398 bytes for ./Payload/LawyerApp.app/QBImagePicker.bundle/uk.lproj/QBImagePicker.strings
2023-03-15 07:13:52 +0000  copying file ./Payload/LawyerApp.app/QBImagePicker.bundle/QBImagePicker.storyboardc/QiH-NZ-ZGN-view-sD2-zK-ryo.nib/runtime.nib ... 
2023-03-15 07:13:52 +0000  10216 bytes for ./Payload/LawyerApp.app/QBImagePicker.bundle/QBImagePicker.storyboardc/QiH-NZ-ZGN-view-sD2-zK-ryo.nib/runtime.nib
2023-03-15 07:13:52 +0000  copying file ./Payload/LawyerApp.app/QBImagePicker.bundle/QBImagePicker.storyboardc/QiH-NZ-ZGN-view-sD2-zK-ryo.nib/objects-12.3+.nib ... 
2023-03-15 07:13:52 +0000  10443 bytes for ./Payload/LawyerApp.app/QBImagePicker.bundle/QBImagePicker.storyboardc/QiH-NZ-ZGN-view-sD2-zK-ryo.nib/objects-12.3+.nib
2023-03-15 07:13:52 +0000  copying file ./Payload/LawyerApp.app/QBImagePicker.bundle/QBImagePicker.storyboardc/QBAlbumsViewController.nib/runtime.nib ... 
2023-03-15 07:13:52 +0000  1800 bytes for ./Payload/LawyerApp.app/QBImagePicker.bundle/QBImagePicker.storyboardc/QBAlbumsViewController.nib/runtime.nib
2023-03-15 07:13:52 +0000  copying file ./Payload/LawyerApp.app/QBImagePicker.bundle/QBImagePicker.storyboardc/QBAlbumsViewController.nib/objects-12.3+.nib ... 
2023-03-15 07:13:52 +0000  1800 bytes for ./Payload/LawyerApp.app/QBImagePicker.bundle/QBImagePicker.storyboardc/QBAlbumsViewController.nib/objects-12.3+.nib
2023-03-15 07:13:52 +0000  copying file ./Payload/LawyerApp.app/QBImagePicker.bundle/QBImagePicker.storyboardc/QBAssetsViewController.nib/runtime.nib ... 
2023-03-15 07:13:52 +0000  1393 bytes for ./Payload/LawyerApp.app/QBImagePicker.bundle/QBImagePicker.storyboardc/QBAssetsViewController.nib/runtime.nib
2023-03-15 07:13:52 +0000  copying file ./Payload/LawyerApp.app/QBImagePicker.bundle/QBImagePicker.storyboardc/QBAssetsViewController.nib/objects-12.3+.nib ... 
1393 bytes for ./Payload/LawyerApp.app/QBImagePicker.bundle/QBImagePicker.storyboardc/QBAssetsViewController.nib/objects-12.3+.nib
2023-03-15 07:13:52 +0000  copying file ./Payload/LawyerApp.app/QBImagePicker.bundle/QBImagePicker.storyboardc/QL5-wR-LYt-view-66K-TS-Yoc.nib/runtime.nib ... 
2023-03-15 07:13:52 +0000  7161 bytes for ./Payload/LawyerApp.app/QBImagePicker.bundle/QBImagePicker.storyboardc/QL5-wR-LYt-view-66K-TS-Yoc.nib/runtime.nib
2023-03-15 07:13:52 +0000  copying file ./Payload/LawyerApp.app/QBImagePicker.bundle/QBImagePicker.storyboardc/QL5-wR-LYt-view-66K-TS-Yoc.nib/objects-12.3+.nib ... 
2023-03-15 07:13:52 +0000  7161 bytes for ./Payload/LawyerApp.app/QBImagePicker.bundle/QBImagePicker.storyboardc/QL5-wR-LYt-view-66K-TS-Yoc.nib/objects-12.3+.nib
2023-03-15 07:13:52 +0000  copying file ./Payload/LawyerApp.app/QBImagePicker.bundle/QBImagePicker.storyboardc/QBAlbumsNavigationController.nib/runtime.nib ... 
2023-03-15 07:13:52 +0000  2617 bytes for ./Payload/LawyerApp.app/QBImagePicker.bundle/QBImagePicker.storyboardc/QBAlbumsNavigationController.nib/runtime.nib
2023-03-15 07:13:52 +0000  copying file ./Payload/LawyerApp.app/QBImagePicker.bundle/QBImagePicker.storyboardc/QBAlbumsNavigationController.nib/objects-12.3+.nib ... 
2023-03-15 07:13:52 +0000  2617 bytes for ./Payload/LawyerApp.app/QBImagePicker.bundle/QBImagePicker.storyboardc/QBAlbumsNavigationController.nib/objects-12.3+.nib
2023-03-15 07:13:52 +0000  copying file ./Payload/LawyerApp.app/QBImagePicker.bundle/QBImagePicker.storyboardc/Info.plist ... 
2023-03-15 07:13:52 +0000  289 bytes for ./Payload/LawyerApp.app/QBImagePicker.bundle/QBImagePicker.storyboardc/Info.plist
2023-03-15 07:13:52 +0000  copying file ./Payload/LawyerApp.app/QBImagePicker.bundle/nb.lproj/QBImagePicker.strings ... 
2023-03-15 07:13:52 +0000  1076 bytes for ./Payload/LawyerApp.app/QBImagePicker.bundle/nb.lproj/QBImagePicker.strings
2023-03-15 07:13:52 +0000  copying file ./Payload/LawyerApp.app/QBImagePicker.bundle/es.lproj/QBImagePicker.strings ... 
2023-03-15 07:13:52 +0000  1113 bytes for ./Payload/LawyerApp.app/QBImagePicker.bundle/es.lproj/QBImagePicker.strings
2023-03-15 07:13:52 +0000  copying file ./Payload/LawyerApp.app/QBImagePicker.bundle/da.lproj/QBImagePicker.strings ... 
2023-03-15 07:13:52 +0000  1015 bytes for ./Payload/LawyerApp.app/QBImagePicker.bundle/da.lproj/QBImagePicker.strings
2023-03-15 07:13:52 +0000  copying file ./Payload/LawyerApp.app/QBImagePicker.bundle/it.lproj/QBImagePicker.strings ... 
2023-03-15 07:13:52 +0000  1088 bytes for ./Payload/LawyerApp.app/QBImagePicker.bundle/it.lproj/QBImagePicker.strings
2023-03-15 07:13:52 +0000  copying file ./Payload/LawyerApp.app/QBImagePicker.bundle/sv.lproj/QBImagePicker.strings ... 
2023-03-15 07:13:52 +0000  1082 bytes for ./Payload/LawyerApp.app/QBImagePicker.bundle/sv.lproj/QBImagePicker.strings
2023-03-15 07:13:52 +0000  copying file ./Payload/LawyerApp.app/QBImagePicker.bundle/ko.lproj/QBImagePicker.strings ... 
2023-03-15 07:13:52 +0000  1139 bytes for ./Payload/LawyerApp.app/QBImagePicker.bundle/ko.lproj/QBImagePicker.strings
2023-03-15 07:13:52 +0000  copying file ./Payload/LawyerApp.app/QBImagePicker.bundle/zh-Hant.lproj/QBImagePicker.strings ... 
2023-03-15 07:13:52 +0000  1119 bytes for ./Payload/LawyerApp.app/QBImagePicker.bundle/zh-Hant.lproj/QBImagePicker.strings
2023-03-15 07:13:52 +0000  copying file ./Payload/LawyerApp.app/QBImagePicker.bundle/tr.lproj/QBImagePicker.strings ... 
2023-03-15 07:13:52 +0000  1104 bytes for ./Payload/LawyerApp.app/QBImagePicker.bundle/tr.lproj/QBImagePicker.strings
2023-03-15 07:13:52 +0000  copying file ./Payload/LawyerApp.app/QBImagePicker.bundle/pl.lproj/QBImagePicker.strings ... 
2023-03-15 07:13:52 +0000  1119 bytes for ./Payload/LawyerApp.app/QBImagePicker.bundle/pl.lproj/QBImagePicker.strings
2023-03-15 07:13:52 +0000  copying file ./Payload/LawyerApp.app/QBImagePicker.bundle/vi.lproj/QBImagePicker.strings ... 
2023-03-15 07:13:52 +0000  1143 bytes for ./Payload/LawyerApp.app/QBImagePicker.bundle/vi.lproj/QBImagePicker.strings
2023-03-15 07:13:52 +0000  copying file ./Payload/LawyerApp.app/QBImagePicker.bundle/ru.lproj/QBImagePicker.strings ... 
2023-03-15 07:13:52 +0000  1433 bytes for ./Payload/LawyerApp.app/QBImagePicker.bundle/ru.lproj/QBImagePicker.strings
2023-03-15 07:13:52 +0000  copying file ./Payload/LawyerApp.app/QBImagePicker.bundle/fr.lproj/QBImagePicker.strings ... 
2023-03-15 07:13:52 +0000  1153 bytes for ./Payload/LawyerApp.app/QBImagePicker.bundle/fr.lproj/QBImagePicker.strings
2023-03-15 07:13:52 +0000  copying file ./Payload/LawyerApp.app/QBImagePicker.bundle/fi.lproj/QBImagePicker.strings ... 
2023-03-15 07:13:52 +0000  1002 bytes for ./Payload/LawyerApp.app/QBImagePicker.bundle/fi.lproj/QBImagePicker.strings
2023-03-15 07:13:52 +0000  copying file ./Payload/LawyerApp.app/QBImagePicker.bundle/pt.lproj/QBImagePicker.strings ... 
2023-03-15 07:13:52 +0000  1112 bytes for ./Payload/LawyerApp.app/QBImagePicker.bundle/pt.lproj/QBImagePicker.strings
2023-03-15 07:13:52 +0000  copying file ./Payload/LawyerApp.app/QBImagePicker.bundle/ro.lproj/QBImagePicker.strings ... 
2023-03-15 07:13:52 +0000  1127 bytes for ./Payload/LawyerApp.app/QBImagePicker.bundle/ro.lproj/QBImagePicker.strings
2023-03-15 07:13:52 +0000  copying file ./Payload/LawyerApp.app/QBImagePicker.bundle/Info.plist ... 
2023-03-15 07:13:52 +0000  770 bytes for ./Payload/LawyerApp.app/QBImagePicker.bundle/Info.plist
2023-03-15 07:13:52 +0000  copying file ./Payload/LawyerApp.app/FontAwesome5_Brands.ttf ... 
2023-03-15 07:13:52 +0000  134040 bytes for ./Payload/LawyerApp.app/FontAwesome5_Brands.ttf
2023-03-15 07:13:52 +0000  copying file ./Payload/LawyerApp.app/MaterialCommunityIcons.ttf ... 
2023-03-15 07:13:52 +0000  1147844 bytes for ./Payload/LawyerApp.app/MaterialCommunityIcons.ttf
2023-03-15 07:13:52 +0000  copying file ./Payload/LawyerApp.app/AppIcon60x60@2x.png ... 
2023-03-15 07:13:52 +0000  1761 bytes for ./Payload/LawyerApp.app/AppIcon60x60@2x.png
2023-03-15 07:13:52 +0000  copying file ./Payload/LawyerApp.app/IQKeyboardManager.bundle/de.lproj/IQKeyboardManager.strings ... 
2023-03-15 07:13:52 +0000  489 bytes for ./Payload/LawyerApp.app/IQKeyboardManager.bundle/de.lproj/IQKeyboardManager.strings
2023-03-15 07:13:52 +0000  copying file ./Payload/LawyerApp.app/IQKeyboardManager.bundle/zh-Hans/IQKeyboardManager.strings ... 
2023-03-15 07:13:52 +0000  479 bytes for ./Payload/LawyerApp.app/IQKeyboardManager.bundle/zh-Hans/IQKeyboardManager.strings
2023-03-15 07:13:52 +0000  copying file ./Payload/LawyerApp.app/IQKeyboardManager.bundle/zh-Hant/IQKeyboardManager.strings ... 
2023-03-15 07:13:52 +0000  479 bytes for ./Payload/LawyerApp.app/IQKeyboardManager.bundle/zh-Hant/IQKeyboardManager.strings
2023-03-15 07:13:52 +0000  copying file ./Payload/LawyerApp.app/IQKeyboardManager.bundle/en.lproj/IQKeyboardManager.strings ... 
2023-03-15 07:13:52 +0000  474 bytes for ./Payload/LawyerApp.app/IQKeyboardManager.bundle/en.lproj/IQKeyboardManager.strings
2023-03-15 07:13:52 +0000  copying file ./Payload/LawyerApp.app/IQKeyboardManager.bundle/es.lproj/IQKeyboardManager.strings ... 
2023-03-15 07:13:52 +0000  496 bytes for ./Payload/LawyerApp.app/IQKeyboardManager.bundle/es.lproj/IQKeyboardManager.strings
2023-03-15 07:13:52 +0000  copying file ./Payload/LawyerApp.app/IQKeyboardManager.bundle/IQButtonBarArrowRight@2x.png ... 
2023-03-15 07:13:52 +0000  1786 bytes for ./Payload/LawyerApp.app/IQKeyboardManager.bundle/IQButtonBarArrowRight@2x.png
copying file ./Payload/LawyerApp.app/IQKeyboardManager.bundle/IQButtonBarArrowRight@3x.png ... 
2023-03-15 07:13:52 +0000  1844 bytes for ./Payload/LawyerApp.app/IQKeyboardManager.bundle/IQButtonBarArrowRight@3x.png
2023-03-15 07:13:52 +0000  copying file ./Payload/LawyerApp.app/IQKeyboardManager.bundle/IQButtonBarArrowLeft.png ... 
2023-03-15 07:13:52 +0000  886 bytes for ./Payload/LawyerApp.app/IQKeyboardManager.bundle/IQButtonBarArrowLeft.png
2023-03-15 07:13:52 +0000  copying file ./Payload/LawyerApp.app/IQKeyboardManager.bundle/IQButtonBarArrowRight.png ... 
2023-03-15 07:13:52 +0000  943 bytes for ./Payload/LawyerApp.app/IQKeyboardManager.bundle/IQButtonBarArrowRight.png
copying file ./Payload/LawyerApp.app/IQKeyboardManager.bundle/IQButtonBarArrowLeft@3x.png ... 
2023-03-15 07:13:52 +0000  1815 bytes for ./Payload/LawyerApp.app/IQKeyboardManager.bundle/IQButtonBarArrowLeft@3x.png
2023-03-15 07:13:52 +0000  copying file ./Payload/LawyerApp.app/IQKeyboardManager.bundle/fr.lproj/IQKeyboardManager.strings ... 
2023-03-15 07:13:52 +0000  497 bytes for ./Payload/LawyerApp.app/IQKeyboardManager.bundle/fr.lproj/IQKeyboardManager.strings
2023-03-15 07:13:52 +0000  copying file ./Payload/LawyerApp.app/IQKeyboardManager.bundle/IQButtonBarArrowLeft@2x.png ... 
2023-03-15 07:13:52 +0000  1793 bytes for ./Payload/LawyerApp.app/IQKeyboardManager.bundle/IQButtonBarArrowLeft@2x.png
2023-03-15 07:13:52 +0000  copying file ./Payload/LawyerApp.app/AntDesign.ttf ... 
2023-03-15 07:13:52 +0000  70344 bytes for ./Payload/LawyerApp.app/AntDesign.ttf
2023-03-15 07:13:52 +0000  copying file ./Payload/LawyerApp.app/Foundation.ttf ... 
2023-03-15 07:13:52 +0000  56976 bytes for ./Payload/LawyerApp.app/Foundation.ttf
2023-03-15 07:13:52 +0000  copying file ./Payload/LawyerApp.app/Ionicons.ttf ... 
2023-03-15 07:13:52 +0000  247192 bytes for ./Payload/LawyerApp.app/Ionicons.ttf
2023-03-15 07:13:52 +0000  copying file ./Payload/LawyerApp.app/FontAwesome5_Solid.ttf ... 
2023-03-15 07:13:52 +0000  202744 bytes for ./Payload/LawyerApp.app/FontAwesome5_Solid.ttf
2023-03-15 07:13:52 +0000  copying file ./Payload/LawyerApp.app/FontAwesome5_Regular.ttf ... 
2023-03-15 07:13:52 +0000  33736 bytes for ./Payload/LawyerApp.app/FontAwesome5_Regular.ttf
2023-03-15 07:13:52 +0000  copying file ./Payload/LawyerApp.app/AccessibilityResources.bundle/_CodeSignature/CodeResources ... 
2023-03-15 07:13:52 +0000  2155 bytes for ./Payload/LawyerApp.app/AccessibilityResources.bundle/_CodeSignature/CodeResources
2023-03-15 07:13:52 +0000  copying file ./Payload/LawyerApp.app/AccessibilityResources.bundle/_CodeSignature/CodeDirectory ... 
2023-03-15 07:13:52 +0000  180 bytes for ./Payload/LawyerApp.app/AccessibilityResources.bundle/_CodeSignature/CodeDirectory
copying file ./Payload/LawyerApp.app/AccessibilityResources.bundle/_CodeSignature/CodeRequirements-1 ... 
2023-03-15 07:13:52 +0000  228 bytes for ./Payload/LawyerApp.app/AccessibilityResources.bundle/_CodeSignature/CodeRequirements-1
2023-03-15 07:13:52 +0000  copying file ./Payload/LawyerApp.app/AccessibilityResources.bundle/_CodeSignature/CodeSignature ... 
2023-03-15 07:13:52 +0000  4885 bytes for ./Payload/LawyerApp.app/AccessibilityResources.bundle/_CodeSignature/CodeSignature
2023-03-15 07:13:52 +0000  copying file ./Payload/LawyerApp.app/AccessibilityResources.bundle/_CodeSignature/CodeRequirements ... 
2023-03-15 07:13:52 +0000  196 bytes for ./Payload/LawyerApp.app/AccessibilityResources.bundle/_CodeSignature/CodeRequirements
2023-03-15 07:13:52 +0000  copying file ./Payload/LawyerApp.app/AccessibilityResources.bundle/en.lproj/Localizable.strings ... 
2023-03-15 07:13:52 +0000  518 bytes for ./Payload/LawyerApp.app/AccessibilityResources.bundle/en.lproj/Localizable.strings
2023-03-15 07:13:52 +0000  copying file ./Payload/LawyerApp.app/AccessibilityResources.bundle/Info.plist ... 
2023-03-15 07:13:52 +0000  790 bytes for ./Payload/LawyerApp.app/AccessibilityResources.bundle/Info.plist
2023-03-15 07:13:52 +0000  copying file ./Payload/LawyerApp.app/FontAwesome.ttf ... 
2023-03-15 07:13:52 +0000  165548 bytes for ./Payload/LawyerApp.app/FontAwesome.ttf
2023-03-15 07:13:52 +0000  copying file ./Payload/LawyerApp.app/Zocial.ttf ... 
2023-03-15 07:13:52 +0000  25788 bytes for ./Payload/LawyerApp.app/Zocial.ttf
2023-03-15 07:13:52 +0000  copying file ./Payload/LawyerApp.app/Assets.car ... 
2023-03-15 07:13:52 +0000  51880 bytes for ./Payload/LawyerApp.app/Assets.car
2023-03-15 07:13:52 +0000  copying file ./Payload/LawyerApp.app/EvilIcons.ttf ... 
2023-03-15 07:13:52 +0000  13456 bytes for ./Payload/LawyerApp.app/EvilIcons.ttf
2023-03-15 07:13:52 +0000  copying file ./Payload/LawyerApp.app/main.jsbundle ... 
2023-03-15 07:13:52 +0000  2909295 bytes for ./Payload/LawyerApp.app/main.jsbundle
2023-03-15 07:13:52 +0000  copying file ./Payload/LawyerApp.app/LaunchScreen.storyboardc/01J-lp-oVM-view-Ze5-6b-2t3.nib ... 
3861 bytes for ./Payload/LawyerApp.app/LaunchScreen.storyboardc/01J-lp-oVM-view-Ze5-6b-2t3.nib
copying file ./Payload/LawyerApp.app/LaunchScreen.storyboardc/UIViewController-01J-lp-oVM.nib ... 
896 bytes for ./Payload/LawyerApp.app/LaunchScreen.storyboardc/UIViewController-01J-lp-oVM.nib
copying file ./Payload/LawyerApp.app/LaunchScreen.storyboardc/Info.plist ... 
258 bytes for ./Payload/LawyerApp.app/LaunchScreen.storyboardc/Info.plist
2023-03-15 07:13:52 +0000  copying file ./Payload/LawyerApp.app/TOCropViewControllerBundle.bundle/de.lproj/TOCropViewControllerLocalizable.strings ... 
2023-03-15 07:13:52 +0000  189 bytes for ./Payload/LawyerApp.app/TOCropViewControllerBundle.bundle/de.lproj/TOCropViewControllerLocalizable.strings
copying file ./Payload/LawyerApp.app/TOCropViewControllerBundle.bundle/_CodeSignature/CodeResources ... 
2023-03-15 07:13:52 +0000  15092 bytes for ./Payload/LawyerApp.app/TOCropViewControllerBundle.bundle/_CodeSignature/CodeResources
2023-03-15 07:13:52 +0000  copying file ./Payload/LawyerApp.app/TOCropViewControllerBundle.bundle/_CodeSignature/CodeDirectory ... 
184 bytes for ./Payload/LawyerApp.app/TOCropViewControllerBundle.bundle/_CodeSignature/CodeDirectory
copying file ./Payload/LawyerApp.app/TOCropViewControllerBundle.bundle/_CodeSignature/CodeRequirements-1 ... 
2023-03-15 07:13:52 +0000  232 bytes for ./Payload/LawyerApp.app/TOCropViewControllerBundle.bundle/_CodeSignature/CodeRequirements-1
copying file ./Payload/LawyerApp.app/TOCropViewControllerBundle.bundle/_CodeSignature/CodeSignature ... 
2023-03-15 07:13:52 +0000  4885 bytes for ./Payload/LawyerApp.app/TOCropViewControllerBundle.bundle/_CodeSignature/CodeSignature
2023-03-15 07:13:52 +0000  copying file ./Payload/LawyerApp.app/TOCropViewControllerBundle.bundle/_CodeSignature/CodeRequirements ... 
200 bytes for ./Payload/LawyerApp.app/TOCropViewControllerBundle.bundle/_CodeSignature/CodeRequirements
2023-03-15 07:13:52 +0000  copying file ./Payload/LawyerApp.app/TOCropViewControllerBundle.bundle/ar.lproj/TOCropViewControllerLocalizable.strings ... 
207 bytes for ./Payload/LawyerApp.app/TOCropViewControllerBundle.bundle/ar.lproj/TOCropViewControllerLocalizable.strings
2023-03-15 07:13:52 +0000  copying file ./Payload/LawyerApp.app/TOCropViewControllerBundle.bundle/zh-Hans.lproj/TOCropViewControllerLocalizable.strings ... 
172 bytes for ./Payload/LawyerApp.app/TOCropViewControllerBundle.bundle/zh-Hans.lproj/TOCropViewControllerLocalizable.strings
2023-03-15 07:13:52 +0000  copying file ./Payload/LawyerApp.app/TOCropViewControllerBundle.bundle/ja.lproj/TOCropViewControllerLocalizable.strings ... 
210 bytes for ./Payload/LawyerApp.app/TOCropViewControllerBundle.bundle/ja.lproj/TOCropViewControllerLocalizable.strings
2023-03-15 07:13:52 +0000  copying file ./Payload/LawyerApp.app/TOCropViewControllerBundle.bundle/fa.lproj/TOCropViewControllerLocalizable.strings ... 
210 bytes for ./Payload/LawyerApp.app/TOCropViewControllerBundle.bundle/fa.lproj/TOCropViewControllerLocalizable.strings
2023-03-15 07:13:52 +0000  copying file ./Payload/LawyerApp.app/TOCropViewControllerBundle.bundle/en.lproj/TOCropViewControllerLocalizable.strings ... 
168 bytes for ./Payload/LawyerApp.app/TOCropViewControllerBundle.bundle/en.lproj/TOCropViewControllerLocalizable.strings
2023-03-15 07:13:52 +0000  copying file ./Payload/LawyerApp.app/TOCropViewControllerBundle.bundle/es.lproj/TOCropViewControllerLocalizable.strings ... 
179 bytes for ./Payload/LawyerApp.app/TOCropViewControllerBundle.bundle/es.lproj/TOCropViewControllerLocalizable.strings
2023-03-15 07:13:52 +0000  copying file ./Payload/LawyerApp.app/TOCropViewControllerBundle.bundle/it.lproj/TOCropViewControllerLocalizable.strings ... 
181 bytes for ./Payload/LawyerApp.app/TOCropViewControllerBundle.bundle/it.lproj/TOCropViewControllerLocalizable.strings
copying file ./Payload/LawyerApp.app/TOCropViewControllerBundle.bundle/sk.lproj/TOCropViewControllerLocalizable.strings ... 
2023-03-15 07:13:52 +0000  176 bytes for ./Payload/LawyerApp.app/TOCropViewControllerBundle.bundle/sk.lproj/TOCropViewControllerLocalizable.strings
copying file ./Payload/LawyerApp.app/TOCropViewControllerBundle.bundle/ms.lproj/TOCropViewControllerLocalizable.strings ... 
173 bytes for ./Payload/LawyerApp.app/TOCropViewControllerBundle.bundle/ms.lproj/TOCropViewControllerLocalizable.strings
2023-03-15 07:13:52 +0000  copying file ./Payload/LawyerApp.app/TOCropViewControllerBundle.bundle/cs.lproj/TOCropViewControllerLocalizable.strings ... 
173 bytes for ./Payload/LawyerApp.app/TOCropViewControllerBundle.bundle/cs.lproj/TOCropViewControllerLocalizable.strings
2023-03-15 07:13:52 +0000  copying file ./Payload/LawyerApp.app/TOCropViewControllerBundle.bundle/ko.lproj/TOCropViewControllerLocalizable.strings ... 
2023-03-15 07:13:52 +0000  187 bytes for ./Payload/LawyerApp.app/TOCropViewControllerBundle.bundle/ko.lproj/TOCropViewControllerLocalizable.strings
copying file ./Payload/LawyerApp.app/TOCropViewControllerBundle.bundle/Base.lproj/TOCropViewControllerLocalizable.strings ... 
168 bytes for ./Payload/LawyerApp.app/TOCropViewControllerBundle.bundle/Base.lproj/TOCropViewControllerLocalizable.strings
2023-03-15 07:13:52 +0000  copying file ./Payload/LawyerApp.app/TOCropViewControllerBundle.bundle/zh-Hant.lproj/TOCropViewControllerLocalizable.strings ... 
175 bytes for ./Payload/LawyerApp.app/TOCropViewControllerBundle.bundle/zh-Hant.lproj/TOCropViewControllerLocalizable.strings
2023-03-15 07:13:52 +0000  copying file ./Payload/LawyerApp.app/TOCropViewControllerBundle.bundle/fa-IR.lproj/TOCropViewControllerLocalizable.strings ... 
2023-03-15 07:13:52 +0000  210 bytes for ./Payload/LawyerApp.app/TOCropViewControllerBundle.bundle/fa-IR.lproj/TOCropViewControllerLocalizable.strings
copying file ./Payload/LawyerApp.app/TOCropViewControllerBundle.bundle/hu.lproj/TOCropViewControllerLocalizable.strings ... 
194 bytes for ./Payload/LawyerApp.app/TOCropViewControllerBundle.bundle/hu.lproj/TOCropViewControllerLocalizable.strings
2023-03-15 07:13:52 +0000  copying file ./Payload/LawyerApp.app/TOCropViewControllerBundle.bundle/da-DK.lproj/TOCropViewControllerLocalizable.strings ... 
174 bytes for ./Payload/LawyerApp.app/TOCropViewControllerBundle.bundle/da-DK.lproj/TOCropViewControllerLocalizable.strings
2023-03-15 07:13:52 +0000  copying file ./Payload/LawyerApp.app/TOCropViewControllerBundle.bundle/tr.lproj/TOCropViewControllerLocalizable.strings ... 
183 bytes for ./Payload/LawyerApp.app/TOCropViewControllerBundle.bundle/tr.lproj/TOCropViewControllerLocalizable.strings
2023-03-15 07:13:52 +0000  copying file ./Payload/LawyerApp.app/TOCropViewControllerBundle.bundle/pl.lproj/TOCropViewControllerLocalizable.strings ... 
171 bytes for ./Payload/LawyerApp.app/TOCropViewControllerBundle.bundle/pl.lproj/TOCropViewControllerLocalizable.strings
2023-03-15 07:13:52 +0000  copying file ./Payload/LawyerApp.app/TOCropViewControllerBundle.bundle/pt-BR.lproj/TOCropViewControllerLocalizable.strings ... 
181 bytes for ./Payload/LawyerApp.app/TOCropViewControllerBundle.bundle/pt-BR.lproj/TOCropViewControllerLocalizable.strings
2023-03-15 07:13:52 +0000  copying file ./Payload/LawyerApp.app/TOCropViewControllerBundle.bundle/vi.lproj/TOCropViewControllerLocalizable.strings ... 
178 bytes for ./Payload/LawyerApp.app/TOCropViewControllerBundle.bundle/vi.lproj/TOCropViewControllerLocalizable.strings
2023-03-15 07:13:52 +0000  copying file ./Payload/LawyerApp.app/TOCropViewControllerBundle.bundle/ru.lproj/TOCropViewControllerLocalizable.strings ... 
237 bytes for ./Payload/LawyerApp.app/TOCropViewControllerBundle.bundle/ru.lproj/TOCropViewControllerLocalizable.strings
2023-03-15 07:13:52 +0000  copying file ./Payload/LawyerApp.app/TOCropViewControllerBundle.bundle/fr.lproj/TOCropViewControllerLocalizable.strings ... 
2023-03-15 07:13:52 +0000  193 bytes for ./Payload/LawyerApp.app/TOCropViewControllerBundle.bundle/fr.lproj/TOCropViewControllerLocalizable.strings
2023-03-15 07:13:52 +0000  copying file ./Payload/LawyerApp.app/TOCropViewControllerBundle.bundle/fi.lproj/TOCropViewControllerLocalizable.strings ... 
2023-03-15 07:13:52 +0000  179 bytes for ./Payload/LawyerApp.app/TOCropViewControllerBundle.bundle/fi.lproj/TOCropViewControllerLocalizable.strings
2023-03-15 07:13:52 +0000  copying file ./Payload/LawyerApp.app/TOCropViewControllerBundle.bundle/id.lproj/TOCropViewControllerLocalizable.strings ... 
2023-03-15 07:13:52 +0000  178 bytes for ./Payload/LawyerApp.app/TOCropViewControllerBundle.bundle/id.lproj/TOCropViewControllerLocalizable.strings
2023-03-15 07:13:52 +0000  copying file ./Payload/LawyerApp.app/TOCropViewControllerBundle.bundle/nl.lproj/TOCropViewControllerLocalizable.strings ... 
2023-03-15 07:13:52 +0000  178 bytes for ./Payload/LawyerApp.app/TOCropViewControllerBundle.bundle/nl.lproj/TOCropViewControllerLocalizable.strings
2023-03-15 07:13:52 +0000  copying file ./Payload/LawyerApp.app/TOCropViewControllerBundle.bundle/pt.lproj/TOCropViewControllerLocalizable.strings ... 
2023-03-15 07:13:52 +0000  181 bytes for ./Payload/LawyerApp.app/TOCropViewControllerBundle.bundle/pt.lproj/TOCropViewControllerLocalizable.strings
2023-03-15 07:13:52 +0000  copying file ./Payload/LawyerApp.app/TOCropViewControllerBundle.bundle/ro.lproj/TOCropViewControllerLocalizable.strings ... 
2023-03-15 07:13:52 +0000  181 bytes for ./Payload/LawyerApp.app/TOCropViewControllerBundle.bundle/ro.lproj/TOCropViewControllerLocalizable.strings
2023-03-15 07:13:52 +0000  copying file ./Payload/LawyerApp.app/TOCropViewControllerBundle.bundle/Info.plist ... 
2023-03-15 07:13:52 +0000  797 bytes for ./Payload/LawyerApp.app/TOCropViewControllerBundle.bundle/Info.plist
2023-03-15 07:13:52 +0000  copying file ./Payload/LawyerApp.app/TOCropViewControllerBundle.bundle/ca.lproj/TOCropViewControllerLocalizable.strings ... 
2023-03-15 07:13:52 +0000  177 bytes for ./Payload/LawyerApp.app/TOCropViewControllerBundle.bundle/ca.lproj/TOCropViewControllerLocalizable.strings
2023-03-15 07:13:52 +0000  copying file ./Payload/LawyerApp.app/SimpleLineIcons.ttf ... 
2023-03-15 07:13:52 +0000  54056 bytes for ./Payload/LawyerApp.app/SimpleLineIcons.ttf
2023-03-15 07:13:52 +0000  copying file ./Payload/LawyerApp.app/embedded.mobileprovision ... 
2023-03-15 07:13:52 +0000  13156 bytes for ./Payload/LawyerApp.app/embedded.mobileprovision
2023-03-15 07:13:52 +0000  copying file ./Payload/LawyerApp.app/assets/node_modules/react-native-ratings/dist/images/bell.png ... 
2023-03-15 07:13:52 +0000  2989 bytes for ./Payload/LawyerApp.app/assets/node_modules/react-native-ratings/dist/images/bell.png
2023-03-15 07:13:52 +0000  copying file ./Payload/LawyerApp.app/assets/node_modules/react-native-ratings/dist/images/airbnb-star-selected.png ... 
2023-03-15 07:13:52 +0000  934 bytes for ./Payload/LawyerApp.app/assets/node_modules/react-native-ratings/dist/images/airbnb-star-selected.png
2023-03-15 07:13:52 +0000  copying file ./Payload/LawyerApp.app/assets/node_modules/react-native-ratings/dist/images/heart.png ... 
2023-03-15 07:13:52 +0000  1928 bytes for ./Payload/LawyerApp.app/assets/node_modules/react-native-ratings/dist/images/heart.png
2023-03-15 07:13:52 +0000  copying file ./Payload/LawyerApp.app/assets/node_modules/react-native-ratings/dist/images/airbnb-star.png ... 
2023-03-15 07:13:52 +0000  930 bytes for ./Payload/LawyerApp.app/assets/node_modules/react-native-ratings/dist/images/airbnb-star.png
2023-03-15 07:13:52 +0000  copying file ./Payload/LawyerApp.app/assets/node_modules/react-native-ratings/dist/images/rocket.png ... 
2023-03-15 07:13:52 +0000  4050 bytes for ./Payload/LawyerApp.app/assets/node_modules/react-native-ratings/dist/images/rocket.png
2023-03-15 07:13:52 +0000  copying file ./Payload/LawyerApp.app/assets/node_modules/react-native-ratings/dist/images/star.png ... 
2023-03-15 07:13:52 +0000  1961 bytes for ./Payload/LawyerApp.app/assets/node_modules/react-native-ratings/dist/images/star.png
2023-03-15 07:13:52 +0000  copying file ./Payload/LawyerApp.app/assets/node_modules/@react-navigation/stack/src/views/assets/back-icon@3x.png ... 
2023-03-15 07:13:52 +0000  761 bytes for ./Payload/LawyerApp.app/assets/node_modules/@react-navigation/stack/src/views/assets/back-icon@3x.png
2023-03-15 07:13:52 +0000  copying file ./Payload/LawyerApp.app/assets/node_modules/@react-navigation/stack/src/views/assets/back-icon@2x.png ... 
2023-03-15 07:13:52 +0000  405 bytes for ./Payload/LawyerApp.app/assets/node_modules/@react-navigation/stack/src/views/assets/back-icon@2x.png
2023-03-15 07:13:52 +0000  copying file ./Payload/LawyerApp.app/assets/node_modules/@react-navigation/stack/src/views/assets/back-icon.png ... 
2023-03-15 07:13:52 +0000  290 bytes for ./Payload/LawyerApp.app/assets/node_modules/@react-navigation/stack/src/views/assets/back-icon.png
copying file ./Payload/LawyerApp.app/assets/node_modules/@react-navigation/stack/src/views/assets/back-icon-mask.png ... 
2023-03-15 07:13:52 +0000  913 bytes for ./Payload/LawyerApp.app/assets/node_modules/@react-navigation/stack/src/views/assets/back-icon-mask.png
2023-03-15 07:13:52 +0000  copying file ./Payload/LawyerApp.app/assets/src/images/logo.png ... 
2023-03-15 07:13:52 +0000  5767 bytes for ./Payload/LawyerApp.app/assets/src/images/logo.png
2023-03-15 07:13:52 +0000  copying file ./Payload/LawyerApp.app/assets/src/components/calendarStrip/img/left-arrow-black.png ... 
2023-03-15 07:13:52 +0000  311 bytes for ./Payload/LawyerApp.app/assets/src/components/calendarStrip/img/left-arrow-black.png
2023-03-15 07:13:52 +0000  copying file ./Payload/LawyerApp.app/assets/src/components/calendarStrip/img/right-arrow-black.png ... 
2023-03-15 07:13:52 +0000  304 bytes for ./Payload/LawyerApp.app/assets/src/components/calendarStrip/img/right-arrow-black.png
2023-03-15 07:13:52 +0000  copying file ./Payload/LawyerApp.app/Info.plist ... 
2023-03-15 07:13:52 +0000  2098 bytes for ./Payload/LawyerApp.app/Info.plist
2023-03-15 07:13:52 +0000  copying file ./Payload/LawyerApp.app/PkgInfo ... 
2023-03-15 07:13:52 +0000  8 bytes for ./Payload/LawyerApp.app/PkgInfo
copying file ./Payload/LawyerApp.app/MaterialIcons.ttf ... 
2023-03-15 07:13:52 +0000  230384 bytes for ./Payload/LawyerApp.app/MaterialIcons.ttf
2023-03-15 07:13:52 +0000  copying file ./Payload/LawyerApp.app/LawyerApp ... 
2023-03-15 07:13:52 +0000  5567408 bytes for ./Payload/LawyerApp.app/LawyerApp
2023-03-15 07:13:52 +0000  /usr/bin/ditto exited with 0
2023-03-15 07:13:52 +0000  Processing step: IDEDistributionAppStoreInformationStep
2023-03-15 07:13:52 +0000  Skipping step: IDEDistributionAppStoreInformationStep because it said so
2023-03-15 07:13:52 +0000  Processing step: IDEDistributionGenerateProcessedDistributionItems
2023-03-15 07:13:52 +0000  IDEDistributionItem init <DVTFilePath:0x600065ea90a0:'/var/folders/j9/pptsf0n90537kmw00xbnd2mr0000gn/T/XcodeDistPipeline.~~~KrlApn/Root/Payload/LawyerApp.app'>
2023-03-15 07:13:52 +0000  Processing step: IDEDistributionCreateManifestStep
